<?xml version="1.0" encoding="UTF-8"?>
<testsuite xmlns:xsi="http://www.w3.org/2001/XMLSchema-instance" xsi:noNamespaceSchemaLocation="https://maven.apache.org/surefire/maven-surefire-plugin/xsd/surefire-test-report-3.0.xsd" version="3.0" name="DBMS.group6.BowlLabDB.customer.CustomerRepositoryTest" time="7.165" tests="3" errors="3" skipped="0" failures="0">
  <properties>
[...]
</properties>
  <testcase name="findCustomerByEmailTest" classname="DBMS.group6.BowlLabDB.customer.CustomerRepositoryTest" time="0.028">
    <error message="PreparedStatementCallback; bad SQL grammar []" type="org.springframework.jdbc.BadSqlGrammarException"><![CDATA[org.springframework.jdbc.BadSqlGrammarException: PreparedStatementCallback; bad SQL grammar []
	at org.springframework.jdbc.support.SQLStateSQLExceptionTranslator.doTranslate(SQLStateSQLExceptionTranslator.java:112)
	at org.springframework.jdbc.support.AbstractFallbackSQLExceptionTranslator.translate(AbstractFallbackSQLExceptionTranslator.java:107)
	at org.springframework.jdbc.support.AbstractFallbackSQLExceptionTranslator.translate(AbstractFallbackSQLExceptionTranslator.java:116)
	at org.springframework.jdbc.core.JdbcTemplate.translateException(JdbcTemplate.java:1548)
	at org.springframework.jdbc.core.JdbcTemplate.execute(JdbcTemplate.java:677)
	at org.springframework.jdbc.core.JdbcTemplate.update(JdbcTemplate.java:970)
	at org.springframework.jdbc.core.JdbcTemplate.update(JdbcTemplate.java:991)
	at DBMS.group6.BowlLabDB.customer.CustomerRepository.create(CustomerRepository.java:51)
	at DBMS.group6.BowlLabDB.customer.CustomerRepositoryTest.setUp(CustomerRepositoryTest.java:62)
	at java.base/java.lang.reflect.Method.invoke(Method.java:580)
	at java.base/java.util.ArrayList.forEach(ArrayList.java:1597)
	at java.base/java.util.ArrayList.forEach(ArrayList.java:1597)
Caused by: org.postgresql.util.PSQLException: ERROR: column "previous_orders" of relation "customers" does not exist
  Position: 67
	at org.postgresql.core.v3.QueryExecutorImpl.receiveErrorResponse(QueryExecutorImpl.java:2725)
	at org.postgresql.core.v3.QueryExecutorImpl.processResults(QueryExecutorImpl.java:2412)
	at org.postgresql.core.v3.QueryExecutorImpl.execute(QueryExecutorImpl.java:371)
	at org.postgresql.jdbc.PgStatement.executeInternal(PgStatement.java:502)
	at org.postgresql.jdbc.PgStatement.execute(PgStatement.java:419)
	at org.postgresql.jdbc.PgPreparedStatement.executeWithFlags(PgPreparedStatement.java:194)
	at org.postgresql.jdbc.PgPreparedStatement.executeUpdate(PgPreparedStatement.java:155)
	at com.zaxxer.hikari.pool.ProxyPreparedStatement.executeUpdate(ProxyPreparedStatement.java:61)
	at com.zaxxer.hikari.pool.HikariProxyPreparedStatement.executeUpdate(HikariProxyPreparedStatement.java)
	at org.springframework.jdbc.core.JdbcTemplate.lambda$update$2(JdbcTemplate.java:975)
	at org.springframework.jdbc.core.JdbcTemplate.execute(JdbcTemplate.java:658)
	... 7 more
]]></error>
    <system-out><![CDATA[2024-10-16T01:57:13.589-04:00  INFO 64417 --- [BowlLabDB] [           main] t.c.s.AnnotationConfigContextLoaderUtils : Could not detect default configuration classes for test class [DBMS.group6.BowlLabDB.customer.CustomerRepositoryTest]: CustomerRepositoryTest does not declare any static, non-private, non-final, nested classes annotated with @Configuration.
2024-10-16T01:57:13.595-04:00  INFO 64417 --- [BowlLabDB] [           main] .b.t.c.SpringBootTestContextBootstrapper : Found @SpringBootConfiguration DBMS.group6.BowlLabDB.App for test class DBMS.group6.BowlLabDB.customer.CustomerRepositoryTest
2024-10-16T01:57:13.612-04:00  INFO 64417 --- [BowlLabDB] [           main] org.testcontainers.images.PullPolicy     : Image pull policy will be performed by: DefaultPullPolicy()
2024-10-16T01:57:13.613-04:00  INFO 64417 --- [BowlLabDB] [           main] o.t.utility.ImageNameSubstitutor         : Image name substitution will be performed by: DefaultImageNameSubstitutor (composite of 'ConfigurationFileImageNameSubstitutor' and 'PrefixingImageNameSubstitutor')
2024-10-16T01:57:13.718-04:00  INFO 64417 --- [BowlLabDB] [           main] o.t.d.DockerClientProviderStrategy       : Loaded org.testcontainers.dockerclient.UnixSocketClientProviderStrategy from ~/.testcontainers.properties, will try it first
2024-10-16T01:57:13.892-04:00  INFO 64417 --- [BowlLabDB] [           main] o.t.d.DockerClientProviderStrategy       : Found Docker environment with local Unix socket (unix:///var/run/docker.sock)
2024-10-16T01:57:13.893-04:00  INFO 64417 --- [BowlLabDB] [           main] org.testcontainers.DockerClientFactory   : Docker host IP address is localhost
2024-10-16T01:57:13.913-04:00  INFO 64417 --- [BowlLabDB] [           main] org.testcontainers.DockerClientFactory   : Connected to docker: 
  Server Version: 23.0.5
  API Version: 1.42
  Operating System: Docker Desktop
  Total Memory: 7851 MB
2024-10-16T01:57:13.931-04:00  INFO 64417 --- [BowlLabDB] [           main] tc.testcontainers/ryuk:0.7.0             : Creating container for image: testcontainers/ryuk:0.7.0
2024-10-16T01:57:14.340-04:00  INFO 64417 --- [BowlLabDB] [           main] tc.testcontainers/ryuk:0.7.0             : Container testcontainers/ryuk:0.7.0 is starting: f28540f384cdb66e0492027bd8b8a5e49747d76cc764fea526e46a77c0ace6bf
2024-10-16T01:57:14.787-04:00  INFO 64417 --- [BowlLabDB] [           main] tc.testcontainers/ryuk:0.7.0             : Container testcontainers/ryuk:0.7.0 started in PT0.85562S
2024-10-16T01:57:14.790-04:00  INFO 64417 --- [BowlLabDB] [           main] o.t.utility.RyukResourceReaper           : Ryuk started - will monitor and terminate Testcontainers containers on JVM exit
2024-10-16T01:57:14.790-04:00  INFO 64417 --- [BowlLabDB] [           main] org.testcontainers.DockerClientFactory   : Checking the system...
2024-10-16T01:57:14.790-04:00  INFO 64417 --- [BowlLabDB] [           main] org.testcontainers.DockerClientFactory   : ✔︎ Docker server version should be at least 1.6.0
2024-10-16T01:57:14.791-04:00  INFO 64417 --- [BowlLabDB] [           main] tc.postgres:latest                       : Creating container for image: postgres:latest
2024-10-16T01:57:14.822-04:00  INFO 64417 --- [BowlLabDB] [           main] tc.postgres:latest                       : Container postgres:latest is starting: 2082321d5e7476b0775b1fc3eb3dc52eb190bc40159266e9289d18b14b8ae974
2024-10-16T01:57:16.172-04:00  INFO 64417 --- [BowlLabDB] [           main] tc.postgres:latest                       : Container postgres:latest started in PT1.381697S
2024-10-16T01:57:16.173-04:00  INFO 64417 --- [BowlLabDB] [           main] tc.postgres:latest                       : Container is started (JDBC URL: jdbc:postgresql://localhost:65251/testdb?loggerLevel=OFF)
2024-10-16T01:57:16.176-04:00  INFO 64417 --- [BowlLabDB] [           main] o.s.b.d.r.RestartApplicationListener     : Restart disabled due to context in which it is running

  .   ____          _            __ _ _
 /\\ / ___'_ __ _ _(_)_ __  __ _ \ \ \ \
( ( )\___ | '_ | '_| | '_ \/ _` | \ \ \ \
 \\/  ___)| |_)| | | | | || (_| |  ) ) ) )
  '  |____| .__|_| |_|_| |_\__, | / / / /
 =========|_|==============|___/=/_/_/_/

 :: Spring Boot ::                (v3.3.3)

2024-10-16T01:57:16.192-04:00  INFO 64417 --- [BowlLabDB] [           main] D.g.B.customer.CustomerRepositoryTest    : Starting CustomerRepositoryTest using Java 23 with PID 64417 (started by ethanwong in /Users/ethanwong/School/Fall 2024/BowlLabDB)
2024-10-16T01:57:16.192-04:00  INFO 64417 --- [BowlLabDB] [           main] D.g.B.customer.CustomerRepositoryTest    : The following 1 profile is active: "test"
2024-10-16T01:57:16.257-04:00  INFO 64417 --- [BowlLabDB] [           main] com.zaxxer.hikari.HikariDataSource       : HikariPool-3 - Starting...
2024-10-16T01:57:16.260-04:00  INFO 64417 --- [BowlLabDB] [           main] tc.postgres:9.6.12                       : Creating container for image: postgres:9.6.12
2024-10-16T01:57:16.307-04:00  INFO 64417 --- [BowlLabDB] [           main] tc.postgres:9.6.12                       : Container postgres:9.6.12 is starting: 9796bf5469451626cf743a0ea59ec33700753e458c50e8a980ee4221cb271561
2024-10-16T01:57:20.419-04:00  INFO 64417 --- [BowlLabDB] [           main] tc.postgres:9.6.12                       : Container postgres:9.6.12 started in PT4.159118S
2024-10-16T01:57:20.420-04:00  INFO 64417 --- [BowlLabDB] [           main] tc.postgres:9.6.12                       : Container is started (JDBC URL: jdbc:postgresql://localhost:65252/testdb?loggerLevel=OFF)
2024-10-16T01:57:20.464-04:00  INFO 64417 --- [BowlLabDB] [           main] com.zaxxer.hikari.pool.HikariPool        : HikariPool-3 - Added connection org.testcontainers.jdbc.ConnectionWrapper@433d5536
2024-10-16T01:57:20.465-04:00  INFO 64417 --- [BowlLabDB] [           main] com.zaxxer.hikari.HikariDataSource       : HikariPool-3 - Start completed.
2024-10-16T01:57:20.493-04:00  INFO 64417 --- [BowlLabDB] [           main] D.g.B.customer.CustomerRepositoryTest    : Started CustomerRepositoryTest in 4.317 seconds (process running for 10.223)
]]></system-out>
  </testcase>
  <testcase name="existsByEmailTest" classname="DBMS.group6.BowlLabDB.customer.CustomerRepositoryTest" time="0.003">
    <error message="PreparedStatementCallback; bad SQL grammar []" type="org.springframework.jdbc.BadSqlGrammarException"><![CDATA[org.springframework.jdbc.BadSqlGrammarException: PreparedStatementCallback; bad SQL grammar []
	at org.springframework.jdbc.support.SQLStateSQLExceptionTranslator.doTranslate(SQLStateSQLExceptionTranslator.java:112)
	at org.springframework.jdbc.support.AbstractFallbackSQLExceptionTranslator.translate(AbstractFallbackSQLExceptionTranslator.java:107)
	at org.springframework.jdbc.support.AbstractFallbackSQLExceptionTranslator.translate(AbstractFallbackSQLExceptionTranslator.java:116)
	at org.springframework.jdbc.core.JdbcTemplate.translateException(JdbcTemplate.java:1548)
	at org.springframework.jdbc.core.JdbcTemplate.execute(JdbcTemplate.java:677)
	at org.springframework.jdbc.core.JdbcTemplate.update(JdbcTemplate.java:970)
	at org.springframework.jdbc.core.JdbcTemplate.update(JdbcTemplate.java:991)
	at DBMS.group6.BowlLabDB.customer.CustomerRepository.create(CustomerRepository.java:51)
	at DBMS.group6.BowlLabDB.customer.CustomerRepositoryTest.setUp(CustomerRepositoryTest.java:62)
	at java.base/java.lang.reflect.Method.invoke(Method.java:580)
	at java.base/java.util.ArrayList.forEach(ArrayList.java:1597)
	at java.base/java.util.ArrayList.forEach(ArrayList.java:1597)
Caused by: org.postgresql.util.PSQLException: ERROR: column "previous_orders" of relation "customers" does not exist
  Position: 67
	at org.postgresql.core.v3.QueryExecutorImpl.receiveErrorResponse(QueryExecutorImpl.java:2725)
	at org.postgresql.core.v3.QueryExecutorImpl.processResults(QueryExecutorImpl.java:2412)
	at org.postgresql.core.v3.QueryExecutorImpl.execute(QueryExecutorImpl.java:371)
	at org.postgresql.jdbc.PgStatement.executeInternal(PgStatement.java:502)
	at org.postgresql.jdbc.PgStatement.execute(PgStatement.java:419)
	at org.postgresql.jdbc.PgPreparedStatement.executeWithFlags(PgPreparedStatement.java:194)
	at org.postgresql.jdbc.PgPreparedStatement.executeUpdate(PgPreparedStatement.java:155)
	at com.zaxxer.hikari.pool.ProxyPreparedStatement.executeUpdate(ProxyPreparedStatement.java:61)
	at com.zaxxer.hikari.pool.HikariProxyPreparedStatement.executeUpdate(HikariProxyPreparedStatement.java)
	at org.springframework.jdbc.core.JdbcTemplate.lambda$update$2(JdbcTemplate.java:975)
	at org.springframework.jdbc.core.JdbcTemplate.execute(JdbcTemplate.java:658)
	... 7 more
]]></error>
  </testcase>
  <testcase name="createCustomer" classname="DBMS.group6.BowlLabDB.customer.CustomerRepositoryTest" time="0.003">
    <error message="PreparedStatementCallback; bad SQL grammar []" type="org.springframework.jdbc.BadSqlGrammarException"><![CDATA[org.springframework.jdbc.BadSqlGrammarException: PreparedStatementCallback; bad SQL grammar []
	at org.springframework.jdbc.support.SQLStateSQLExceptionTranslator.doTranslate(SQLStateSQLExceptionTranslator.java:112)
	at org.springframework.jdbc.support.AbstractFallbackSQLExceptionTranslator.translate(AbstractFallbackSQLExceptionTranslator.java:107)
	at org.springframework.jdbc.support.AbstractFallbackSQLExceptionTranslator.translate(AbstractFallbackSQLExceptionTranslator.java:116)
	at org.springframework.jdbc.core.JdbcTemplate.translateException(JdbcTemplate.java:1548)
	at org.springframework.jdbc.core.JdbcTemplate.execute(JdbcTemplate.java:677)
	at org.springframework.jdbc.core.JdbcTemplate.update(JdbcTemplate.java:970)
	at org.springframework.jdbc.core.JdbcTemplate.update(JdbcTemplate.java:991)
	at DBMS.group6.BowlLabDB.customer.CustomerRepository.create(CustomerRepository.java:51)
	at DBMS.group6.BowlLabDB.customer.CustomerRepositoryTest.setUp(CustomerRepositoryTest.java:62)
	at java.base/java.lang.reflect.Method.invoke(Method.java:580)
	at java.base/java.util.ArrayList.forEach(ArrayList.java:1597)
	at java.base/java.util.ArrayList.forEach(ArrayList.java:1597)
Caused by: org.postgresql.util.PSQLException: ERROR: column "previous_orders" of relation "customers" does not exist
  Position: 67
	at org.postgresql.core.v3.QueryExecutorImpl.receiveErrorResponse(QueryExecutorImpl.java:2725)
	at org.postgresql.core.v3.QueryExecutorImpl.processResults(QueryExecutorImpl.java:2412)
	at org.postgresql.core.v3.QueryExecutorImpl.execute(QueryExecutorImpl.java:371)
	at org.postgresql.jdbc.PgStatement.executeInternal(PgStatement.java:502)
	at org.postgresql.jdbc.PgStatement.execute(PgStatement.java:419)
	at org.postgresql.jdbc.PgPreparedStatement.executeWithFlags(PgPreparedStatement.java:194)
	at org.postgresql.jdbc.PgPreparedStatement.executeUpdate(PgPreparedStatement.java:155)
	at com.zaxxer.hikari.pool.ProxyPreparedStatement.executeUpdate(ProxyPreparedStatement.java:61)
	at com.zaxxer.hikari.pool.HikariProxyPreparedStatement.executeUpdate(HikariProxyPreparedStatement.java)
	at org.springframework.jdbc.core.JdbcTemplate.lambda$update$2(JdbcTemplate.java:975)
	at org.springframework.jdbc.core.JdbcTemplate.execute(JdbcTemplate.java:658)
	... 7 more
]]></error>
  </testcase>
</testsuite>