<?xml version="1.0" encoding="UTF-8"?>
<testsuite xmlns:xsi="http://www.w3.org/2001/XMLSchema-instance" xsi:noNamespaceSchemaLocation="https://maven.apache.org/surefire/maven-surefire-plugin/xsd/surefire-test-report-3.0.xsd" version="3.0" name="DBMS.group6.BowlLabDB.AppTest" time="2.201" tests="1" errors="0" skipped="0" failures="0">
  <properties>
[...]
</properties>
  <testcase name="contextLoads" classname="DBMS.group6.BowlLabDB.AppTest" time="0.515">
    <system-out><![CDATA[01:57:10.753 [main] INFO org.springframework.test.context.support.AnnotationConfigContextLoaderUtils -- Could not detect default configuration classes for test class [DBMS.group6.BowlLabDB.AppTest]: AppTest does not declare any static, non-private, non-final, nested classes annotated with @Configuration.
01:57:10.807 [main] INFO org.springframework.boot.test.context.SpringBootTestContextBootstrapper -- Found @SpringBootConfiguration DBMS.group6.BowlLabDB.App for test class DBMS.group6.BowlLabDB.AppTest
01:57:10.910 [main] INFO org.springframework.boot.devtools.restart.RestartApplicationListener -- Restart disabled due to context in which it is running

  .   ____          _            __ _ _
 /\\ / ___'_ __ _ _(_)_ __  __ _ \ \ \ \
( ( )\___ | '_ | '_| | '_ \/ _` | \ \ \ \
 \\/  ___)| |_)| | | | | || (_| |  ) ) ) )
  '  |____| .__|_| |_|_| |_\__, | / / / /
 =========|_|==============|___/=/_/_/_/

 :: Spring Boot ::                (v3.3.3)

2024-10-16T01:57:11.047-04:00  INFO 64417 --- [BowlLabDB] [           main] DBMS.group6.BowlLabDB.AppTest            : Starting AppTest using Java 23 with PID 64417 (started by ethanwong in /Users/ethanwong/School/Fall 2024/BowlLabDB)
2024-10-16T01:57:11.048-04:00  INFO 64417 --- [BowlLabDB] [           main] DBMS.group6.BowlLabDB.AppTest            : No active profile set, falling back to 1 default profile: "default"
2024-10-16T01:57:11.424-04:00  INFO 64417 --- [BowlLabDB] [           main] .s.d.r.c.RepositoryConfigurationDelegate : Bootstrapping Spring Data JDBC repositories in DEFAULT mode.
2024-10-16T01:57:11.434-04:00  INFO 64417 --- [BowlLabDB] [           main] .s.d.r.c.RepositoryConfigurationDelegate : Finished Spring Data repository scanning in 8 ms. Found 0 JDBC repository interfaces.
2024-10-16T01:57:11.666-04:00  INFO 64417 --- [BowlLabDB] [           main] com.zaxxer.hikari.HikariDataSource       : HikariPool-1 - Starting...
2024-10-16T01:57:11.885-04:00  INFO 64417 --- [BowlLabDB] [           main] com.zaxxer.hikari.pool.HikariPool        : HikariPool-1 - Added connection org.postgresql.jdbc.PgConnection@461c3709
2024-10-16T01:57:11.886-04:00  INFO 64417 --- [BowlLabDB] [           main] com.zaxxer.hikari.HikariDataSource       : HikariPool-1 - Start completed.
2024-10-16T01:57:12.324-04:00  INFO 64417 --- [BowlLabDB] [           main] DBMS.group6.BowlLabDB.AppTest            : Started AppTest in 1.42 seconds (process running for 2.053)
]]></system-out>
    <system-err><![CDATA[WARNING: A Java agent has been loaded dynamically (/Users/ethanwong/.m2/repository/net/bytebuddy/byte-buddy-agent/1.14.19/byte-buddy-agent-1.14.19.jar)
WARNING: If a serviceability tool is in use, please run with -XX:+EnableDynamicAgentLoading to hide this warning
WARNING: If a serviceability tool is not in use, please run with -Djdk.instrument.traceUsage for more information
WARNING: Dynamic loading of agents will be disallowed by default in a future release
]]></system-err>
  </testcase>
</testsuite>